<?xml version="1.0" encoding="UTF-8"?>
<!-- Generated by org.testng.reporters.JUnitXMLReporter -->
<testsuite hostname="Marcos" ignored="0" name="Default test" tests="16" failures="0" timestamp="2021-07-14T22:58:56 IST" time="51.32" errors="0">
  <testcase name="verifyDefaultSection" time="0.299" classname="com.goibibo.test.CabPageTest"/>
  <testcase name="verifyCabButtonText" time="5.262" classname="com.goibibo.test.CabPageTest"/>
  <testcase name="verifyOneWaySelected" time="0.122" classname="com.goibibo.test.CabPageTest"/>
  <testcase name="verifyFromLocation" time="1.997" classname="com.goibibo.test.CabPageTest"/>
  <testcase name="verifyDropDownNotActivatedTest" time="1.708" classname="com.goibibo.test.CabPageTest"/>
  <testcase name="verifyDestinationLocation" time="1.415" classname="com.goibibo.test.CabPageTest"/>
  <testcase name="verifyPickUpDate" time="2.451" classname="com.goibibo.test.CabPageTest"/>
  <testcase name="verifyPickUpMonth" time="0.084" classname="com.goibibo.test.CabPageTest"/>
  <testcase name="verifyPickUpTime" time="2.041" classname="com.goibibo.test.CabPageTest"/>
  <testcase name="verifySearchCabs" time="1.035" classname="com.goibibo.test.CabPageTest"/>
  <testcase name="verifyCarModelIsSelected" time="1.464" classname="com.goibibo.test.CabPageTest"/>
  <testcase name="cabsModelTest" time="0.709" classname="com.goibibo.test.CabPageTest"/>
  <testcase name="verifyLowPrice" time="0.151" classname="com.goibibo.test.CabPageTest"/>
  <testcase name="verifyCabsTitle" time="0.033" classname="com.goibibo.test.CabPageTest"/>
  <testcase name="LowestPriceTest" time="0.321" classname="com.goibibo.test.CabPageTest"/>
  <testcase name="displayModelAndPrice" time="0.634" classname="com.goibibo.test.CabPageTest"/>
</testsuite> <!-- Default test -->
